<?xml version="1.0" encoding="UTF-8"?>
<testsuite name="runners.CukesRunner" time="24.373" tests="16" errors="0" skipped="0" failures="8">
  <properties>
[...]
</properties>
  <testcase name="User should be able to see &quot;facebook&quot;" classname="Buttons displayed for social media options #1" time="1.92"/>
  <testcase name="Click on &quot;Facebook&quot;" classname="Buttons displayed for social media options #1" time="3.723"/>
  <testcase name="Title for each corresponding page should contain &quot;Facebook&quot;" classname="Buttons displayed for social media options #1" time="0.198">
    <failure type="java.lang.AssertionError:">java.lang.AssertionError: null
	at org.junit.Assert.fail(Assert.java:87)
	at org.junit.Assert.assertTrue(Assert.java:42)
	at org.junit.Assert.assertTrue(Assert.java:53)
	at step_definitions.HomeSteps.titleForEachCorrespondingPageShouldContain(HomeSteps.java:77)
	at ✽.Title for each corresponding page should contain "Facebook"(file:///Users/pariya/Desktop/advance-systems-LiveProject/src/test/resources/features/home.feature:18)
</failure>
    <system-out><![CDATA[  &amp#27;[32mWhen &amp#27;[0m&amp#27;[32mClick on &amp#27;[0m&amp#27;[32m&amp#27;[1m"Facebook"&amp#27;[0m                                         &amp#27;[90m# step_definitions.HomeSteps.clickOn(java.lang.String)&amp#27;[0m
]]></system-out>
  </testcase>
  <testcase name="Buttons displayed for social media options #1" classname="Buttons displayed for social media options #1" time="0.749">
    <failure type="java.lang.AssertionError:">java.lang.AssertionError: null
	at org.junit.Assert.fail(Assert.java:87)
	at org.junit.Assert.assertTrue(Assert.java:42)
	at org.junit.Assert.assertTrue(Assert.java:53)
	at step_definitions.HomeSteps.titleForEachCorrespondingPageShouldContain(HomeSteps.java:77)
	at ✽.Title for each corresponding page should contain "Facebook"(file:///Users/pariya/Desktop/advance-systems-LiveProject/src/test/resources/features/home.feature:18)
</failure>
    <system-out><![CDATA[  &amp#27;[31mThen &amp#27;[0m&amp#27;[31mTitle for each corresponding page should contain &amp#27;[0m&amp#27;[31m&amp#27;[1m"Facebook"&amp#27;[0m &amp#27;[90m# step_definitions.HomeSteps.titleForEachCorrespondingPageShouldContain(java.lang.String)&amp#27;[0m
      &amp#27;[31mjava.lang.AssertionError
	at org.junit.Assert.fail(Assert.java:87)
	at org.junit.Assert.assertTrue(Assert.java:42)
	at org.junit.Assert.assertTrue(Assert.java:53)
	at step_definitions.HomeSteps.titleForEachCorrespondingPageShouldContain(HomeSteps.java:77)
	at ✽.Title for each corresponding page should contain "Facebook"(file:///Users/pariya/Desktop/advance-systems-LiveProject/src/test/resources/features/home.feature:18)
&amp#27;[0m

    2022-07-22 16:54:39  FAIL: Buttons displayed for social media options


    Embedding screenshot [image/png 94188 bytes]

]]></system-out>
  </testcase>
  <testcase name="User should be able to see &quot;twitter&quot;" classname="Buttons displayed for social media options #2" time="1.593"/>
  <testcase name="Click on &quot;Twitter&quot;" classname="Buttons displayed for social media options #2" time="3.493"/>
  <testcase name="Title for each corresponding page should contain &quot;Twitter&quot;" classname="Buttons displayed for social media options #2" time="0.17">
    <failure type="java.lang.AssertionError:">java.lang.AssertionError: null
	at org.junit.Assert.fail(Assert.java:87)
	at org.junit.Assert.assertTrue(Assert.java:42)
	at org.junit.Assert.assertTrue(Assert.java:53)
	at step_definitions.HomeSteps.titleForEachCorrespondingPageShouldContain(HomeSteps.java:77)
	at ✽.Title for each corresponding page should contain "Twitter"(file:///Users/pariya/Desktop/advance-systems-LiveProject/src/test/resources/features/home.feature:18)
</failure>
    <system-out><![CDATA[  &amp#27;[32mWhen &amp#27;[0m&amp#27;[32mClick on &amp#27;[0m&amp#27;[32m&amp#27;[1m"Twitter"&amp#27;[0m                                         &amp#27;[90m# step_definitions.HomeSteps.clickOn(java.lang.String)&amp#27;[0m
]]></system-out>
  </testcase>
  <testcase name="Buttons displayed for social media options #2" classname="Buttons displayed for social media options #2" time="0.58">
    <failure type="java.lang.AssertionError:">java.lang.AssertionError: null
	at org.junit.Assert.fail(Assert.java:87)
	at org.junit.Assert.assertTrue(Assert.java:42)
	at org.junit.Assert.assertTrue(Assert.java:53)
	at step_definitions.HomeSteps.titleForEachCorrespondingPageShouldContain(HomeSteps.java:77)
	at ✽.Title for each corresponding page should contain "Twitter"(file:///Users/pariya/Desktop/advance-systems-LiveProject/src/test/resources/features/home.feature:18)
</failure>
    <system-out><![CDATA[  &amp#27;[31mThen &amp#27;[0m&amp#27;[31mTitle for each corresponding page should contain &amp#27;[0m&amp#27;[31m&amp#27;[1m"Twitter"&amp#27;[0m &amp#27;[90m# step_definitions.HomeSteps.titleForEachCorrespondingPageShouldContain(java.lang.String)&amp#27;[0m
      &amp#27;[31mjava.lang.AssertionError
	at org.junit.Assert.fail(Assert.java:87)
	at org.junit.Assert.assertTrue(Assert.java:42)
	at org.junit.Assert.assertTrue(Assert.java:53)
	at step_definitions.HomeSteps.titleForEachCorrespondingPageShouldContain(HomeSteps.java:77)
	at ✽.Title for each corresponding page should contain "Twitter"(file:///Users/pariya/Desktop/advance-systems-LiveProject/src/test/resources/features/home.feature:18)
&amp#27;[0m

    2022-07-22 16:54:48  FAIL: Buttons displayed for social media options


    Embedding screenshot [image/png 94188 bytes]

]]></system-out>
  </testcase>
  <testcase name="User should be able to see &quot;instagram&quot;" classname="Buttons displayed for social media options #3" time="1.559"/>
  <testcase name="Click on &quot;Instagram&quot;" classname="Buttons displayed for social media options #3" time="3.397"/>
  <testcase name="Title for each corresponding page should contain &quot;Instagram&quot;" classname="Buttons displayed for social media options #3" time="0.174">
    <failure type="java.lang.AssertionError:">java.lang.AssertionError: null
	at org.junit.Assert.fail(Assert.java:87)
	at org.junit.Assert.assertTrue(Assert.java:42)
	at org.junit.Assert.assertTrue(Assert.java:53)
	at step_definitions.HomeSteps.titleForEachCorrespondingPageShouldContain(HomeSteps.java:77)
	at ✽.Title for each corresponding page should contain "Instagram"(file:///Users/pariya/Desktop/advance-systems-LiveProject/src/test/resources/features/home.feature:18)
</failure>
    <system-out><![CDATA[  &amp#27;[32mWhen &amp#27;[0m&amp#27;[32mClick on &amp#27;[0m&amp#27;[32m&amp#27;[1m"Instagram"&amp#27;[0m                                         &amp#27;[90m# step_definitions.HomeSteps.clickOn(java.lang.String)&amp#27;[0m
]]></system-out>
  </testcase>
  <testcase name="Buttons displayed for social media options #3" classname="Buttons displayed for social media options #3" time="0.603">
    <failure type="java.lang.AssertionError:">java.lang.AssertionError: null
	at org.junit.Assert.fail(Assert.java:87)
	at org.junit.Assert.assertTrue(Assert.java:42)
	at org.junit.Assert.assertTrue(Assert.java:53)
	at step_definitions.HomeSteps.titleForEachCorrespondingPageShouldContain(HomeSteps.java:77)
	at ✽.Title for each corresponding page should contain "Instagram"(file:///Users/pariya/Desktop/advance-systems-LiveProject/src/test/resources/features/home.feature:18)
</failure>
    <system-out><![CDATA[  &amp#27;[31mThen &amp#27;[0m&amp#27;[31mTitle for each corresponding page should contain &amp#27;[0m&amp#27;[31m&amp#27;[1m"Instagram"&amp#27;[0m &amp#27;[90m# step_definitions.HomeSteps.titleForEachCorrespondingPageShouldContain(java.lang.String)&amp#27;[0m
      &amp#27;[31mjava.lang.AssertionError
	at org.junit.Assert.fail(Assert.java:87)
	at org.junit.Assert.assertTrue(Assert.java:42)
	at org.junit.Assert.assertTrue(Assert.java:53)
	at step_definitions.HomeSteps.titleForEachCorrespondingPageShouldContain(HomeSteps.java:77)
	at ✽.Title for each corresponding page should contain "Instagram"(file:///Users/pariya/Desktop/advance-systems-LiveProject/src/test/resources/features/home.feature:18)
&amp#27;[0m

    2022-07-22 16:54:57  FAIL: Buttons displayed for social media options


    Embedding screenshot [image/png 94258 bytes]

]]></system-out>
  </testcase>
  <testcase name="User should be able to see &quot;linkedin&quot;" classname="Buttons displayed for social media options #4" time="1.396"/>
  <testcase name="Click on &quot;LinkedIn&quot;" classname="Buttons displayed for social media options #4" time="4.013"/>
  <testcase name="Title for each corresponding page should contain &quot;LinkedIn&quot;" classname="Buttons displayed for social media options #4" time="0.148">
    <failure type="java.lang.AssertionError:">java.lang.AssertionError: null
	at org.junit.Assert.fail(Assert.java:87)
	at org.junit.Assert.assertTrue(Assert.java:42)
	at org.junit.Assert.assertTrue(Assert.java:53)
	at step_definitions.HomeSteps.titleForEachCorrespondingPageShouldContain(HomeSteps.java:77)
	at ✽.Title for each corresponding page should contain "LinkedIn"(file:///Users/pariya/Desktop/advance-systems-LiveProject/src/test/resources/features/home.feature:18)
</failure>
    <system-out><![CDATA[  &amp#27;[32mWhen &amp#27;[0m&amp#27;[32mClick on &amp#27;[0m&amp#27;[32m&amp#27;[1m"LinkedIn"&amp#27;[0m                                         &amp#27;[90m# step_definitions.HomeSteps.clickOn(java.lang.String)&amp#27;[0m
]]></system-out>
  </testcase>
  <testcase name="Buttons displayed for social media options #4" classname="Buttons displayed for social media options #4" time="0.657">
    <failure type="java.lang.AssertionError:">java.lang.AssertionError: null
	at org.junit.Assert.fail(Assert.java:87)
	at org.junit.Assert.assertTrue(Assert.java:42)
	at org.junit.Assert.assertTrue(Assert.java:53)
	at step_definitions.HomeSteps.titleForEachCorrespondingPageShouldContain(HomeSteps.java:77)
	at ✽.Title for each corresponding page should contain "LinkedIn"(file:///Users/pariya/Desktop/advance-systems-LiveProject/src/test/resources/features/home.feature:18)
</failure>
    <system-out><![CDATA[  &amp#27;[31mThen &amp#27;[0m&amp#27;[31mTitle for each corresponding page should contain &amp#27;[0m&amp#27;[31m&amp#27;[1m"LinkedIn"&amp#27;[0m &amp#27;[90m# step_definitions.HomeSteps.titleForEachCorrespondingPageShouldContain(java.lang.String)&amp#27;[0m
      &amp#27;[31mjava.lang.AssertionError
	at org.junit.Assert.fail(Assert.java:87)
	at org.junit.Assert.assertTrue(Assert.java:42)
	at org.junit.Assert.assertTrue(Assert.java:53)
	at step_definitions.HomeSteps.titleForEachCorrespondingPageShouldContain(HomeSteps.java:77)
	at ✽.Title for each corresponding page should contain "LinkedIn"(file:///Users/pariya/Desktop/advance-systems-LiveProject/src/test/resources/features/home.feature:18)
&amp#27;[0m

    2022-07-22 16:55:07  FAIL: Buttons displayed for social media options


    Embedding screenshot [image/png 94293 bytes]

]]></system-out>
  </testcase>
</testsuite>