<?xml version="1.0" encoding="UTF-8"?>
<testsuite name="runners.CukesRunner" time="24.373" tests="16" errors="0" skipped="0" failures="8">
  <properties>
    <property name="java.vendor" value="Oracle Corporation"/>
    <property name="JOB_NAME" value="ADVSYS_CucumberReport"/>
    <property name="RUN_TESTS_DISPLAY_URL" value="http://localhost:8080/job/ADVSYS_CucumberReport/7/display/redirect?page=tests"/>
    <property name="sun.java.launcher" value="SUN_STANDARD"/>
    <property name="sun.management.compiler" value="HotSpot 64-Bit Tiered Compilers"/>
    <property name="JENKINS_HOME" value="/Users/pariya/.jenkins"/>
    <property name="PATH" value="/Library/Java/JavaVirtualMachines/jdk1.8.0_261.jdk/Contents/Home/bin:/usr/bin:/bin:/usr/sbin:/sbin"/>
    <property name="HUDSON_SERVER_COOKIE" value="e1a01fa1db784e02"/>
    <property name="POM_ARTIFACTID" value="advance-systems-LiveProject"/>
    <property name="os.name" value="Mac OS X"/>
    <property name="sun.boot.class.path" value="/Library/Java/JavaVirtualMachines/jdk1.8.0_261.jdk/Contents/Home/jre/lib/resources.jar:/Library/Java/JavaVirtualMachines/jdk1.8.0_261.jdk/Contents/Home/jre/lib/rt.jar:/Library/Java/JavaVirtualMachines/jdk1.8.0_261.jdk/Contents/Home/jre/lib/sunrsasign.jar:/Library/Java/JavaVirtualMachines/jdk1.8.0_261.jdk/Contents/Home/jre/lib/jsse.jar:/Library/Java/JavaVirtualMachines/jdk1.8.0_261.jdk/Contents/Home/jre/lib/jce.jar:/Library/Java/JavaVirtualMachines/jdk1.8.0_261.jdk/Contents/Home/jre/lib/charsets.jar:/Library/Java/JavaVirtualMachines/jdk1.8.0_261.jdk/Contents/Home/jre/lib/jfr.jar:/Library/Java/JavaVirtualMachines/jdk1.8.0_261.jdk/Contents/Home/jre/classes"/>
    <property name="EXECUTOR_NUMBER" value="1"/>
    <property name="java.vm.specification.vendor" value="Oracle Corporation"/>
    <property name="POM_DISPLAYNAME" value="advance-systems-LiveProject"/>
    <property name="NODE_LABELS" value="built-in"/>
    <property name="java.runtime.version" value="1.8.0_261-b12"/>
    <property name="user.name" value="pariya"/>
    <property name="guice.disable.misplaced.annotation.check" value="true"/>
    <property name="user.language" value="en"/>
    <property name="JOB_BASE_NAME" value="ADVSYS_CucumberReport"/>
    <property name="RUN_CHANGES_DISPLAY_URL" value="http://localhost:8080/job/ADVSYS_CucumberReport/7/display/redirect?page=changes"/>
    <property name="BUILD_DISPLAY_NAME" value="#7"/>
    <property name="TMPDIR" value="/var/folders/3r/j1v7j3l563j0v1_0y9kz742m0000gn/T/"/>
    <property name="sun.boot.library.path" value="/Library/Java/JavaVirtualMachines/jdk1.8.0_261.jdk/Contents/Home/jre/lib"/>
    <property name="java.version" value="1.8.0_261"/>
    <property name="XPC_FLAGS" value="0x0"/>
    <property name="user.timezone" value="America/New_York"/>
    <property name="sun.arch.data.model" value="64"/>
    <property name="NODE_NAME" value="built-in"/>
    <property name="http.nonProxyHosts" value="local|*.local|169.254/16|*.169.254/16"/>
    <property name="java.endorsed.dirs" value="/Library/Java/JavaVirtualMachines/jdk1.8.0_261.jdk/Contents/Home/jre/lib/endorsed"/>
    <property name="BUILD_ID" value="7"/>
    <property name="sun.cpu.isalist" value=""/>
    <property name="sun.jnu.encoding" value="UTF-8"/>
    <property name="file.encoding.pkg" value="sun.io"/>
    <property name="SHELL" value="/bin/bash"/>
    <property name="file.separator" value="/"/>
    <property name="java.specification.name" value="Java Platform API Specification"/>
    <property name="maven.conf" value="/Users/pariya/.jenkins/tools/hudson.tasks.Maven_MavenInstallation/Maven/conf"/>
    <property name="java.class.version" value="52.0"/>
    <property name="org.slf4j.simpleLogger.defaultLogLevel" value="info"/>
    <property name="user.country" value="US"/>
    <property name="java.home" value="/Library/Java/JavaVirtualMachines/jdk1.8.0_261.jdk/Contents/Home/jre"/>
    <property name="java.vm.info" value="mixed mode"/>
    <property name="os.version" value="10.16"/>
    <property name="RUN_DISPLAY_URL" value="http://localhost:8080/job/ADVSYS_CucumberReport/7/display/redirect"/>
    <property name="POM_VERSION" value="1.0-SNAPSHOT"/>
    <property name="sun.font.fontmanager" value="sun.font.CFontManager"/>
    <property name="RUN_ARTIFACTS_DISPLAY_URL" value="http://localhost:8080/job/ADVSYS_CucumberReport/7/display/redirect?page=artifacts"/>
    <property name="path.separator" value=":"/>
    <property name="java.vm.version" value="25.261-b12"/>
    <property name="JOB_DISPLAY_URL" value="http://localhost:8080/job/ADVSYS_CucumberReport/display/redirect"/>
    <property name="java.awt.printerjob" value="sun.lwawt.macosx.CPrinterJob"/>
    <property name="JAVA_HOME" value="/Library/Java/JavaVirtualMachines/jdk1.8.0_261.jdk/Contents/Home"/>
    <property name="sun.io.unicode.encoding" value="UnicodeBig"/>
    <property name="awt.toolkit" value="sun.lwawt.macosx.LWCToolkit"/>
    <property name="LOGNAME" value="pariya"/>
    <property name="socksNonProxyHosts" value="local|*.local|169.254/16|*.169.254/16"/>
    <property name="POM_PACKAGING" value="jar"/>
    <property name="ftp.nonProxyHosts" value="local|*.local|169.254/16|*.169.254/16"/>
    <property name="HOME" value="/Users/pariya"/>
    <property name="POM_GROUPID" value="org.example"/>
    <property name="user.home" value="/Users/pariya"/>
    <property name="BUILD_TAG" value="jenkins-ADVSYS_CucumberReport-7"/>
    <property name="JENKINS_SERVER_COOKIE" value="e1a01fa1db784e02"/>
    <property name="HUDSON_URL" value="http://localhost:8080/"/>
    <property name="XPC_SERVICE_NAME" value="homebrew.mxcl.jenkins-lts"/>
    <property name="java.specification.vendor" value="Oracle Corporation"/>
    <property name="CLASSPATH" value=""/>
    <property name="java.library.path" value="/Users/pariya/Library/Java/Extensions:/Library/Java/Extensions:/Network/Library/Java/Extensions:/System/Library/Java/Extensions:/usr/lib/java:."/>
    <property name="java.vendor.url" value="http://java.oracle.com/"/>
    <property name="gopherProxySet" value="false"/>
    <property name="java.vm.vendor" value="Oracle Corporation"/>
    <property name="java.runtime.name" value="Java(TM) SE Runtime Environment"/>
    <property name="maven.home" value="/Users/pariya/.jenkins/tools/hudson.tasks.Maven_MavenInstallation/Maven"/>
    <property name="java.class.path" value="/Users/pariya/.jenkins/plugins/maven-plugin/WEB-INF/lib/maven35-agent-1.13.jar:/Users/pariya/.jenkins/tools/hudson.tasks.Maven_MavenInstallation/Maven/boot/plexus-classworlds-2.6.0.jar:/Users/pariya/.jenkins/tools/hudson.tasks.Maven_MavenInstallation/Maven/conf/logging"/>
    <property name="sun.java.command" value="jenkins.maven3.agent.Maven35Main /Users/pariya/.jenkins/tools/hudson.tasks.Maven_MavenInstallation/Maven /Users/pariya/.jenkins/war/WEB-INF/lib/remoting-4.13.jar /Users/pariya/.jenkins/plugins/maven-plugin/WEB-INF/lib/maven35-interceptor-1.13.jar /Users/pariya/.jenkins/plugins/maven-plugin/WEB-INF/lib/maven3-interceptor-commons-1.13.jar 51603"/>
    <property name="java.vm.specification.name" value="Java Virtual Machine Specification"/>
    <property name="jansi.mode" value="strip"/>
    <property name="PATH+JDK" value="/Library/Java/JavaVirtualMachines/jdk1.8.0_261.jdk/Contents/Home/bin"/>
    <property name="java.vm.specification.version" value="1.8"/>
    <property name="sun.os.patch.level" value="unknown"/>
    <property name="sun.cpu.endian" value="little"/>
    <property name="M2_HOME" value="/Users/pariya/.jenkins/tools/hudson.tasks.Maven_MavenInstallation/Maven"/>
    <property name="JAVA_MAIN_CLASS_693" value="Main"/>
    <property name="java.io.tmpdir" value="/var/folders/3r/j1v7j3l563j0v1_0y9kz742m0000gn/T/"/>
    <property name="CI" value="true"/>
    <property name="HUDSON_HOME" value="/Users/pariya/.jenkins"/>
    <property name="PATH+MAVEN" value="/Users/pariya/.jenkins/tools/hudson.tasks.Maven_MavenInstallation/Maven/bin"/>
    <property name="BUILD_URL" value="http://localhost:8080/job/ADVSYS_CucumberReport/7/"/>
    <property name="java.vendor.url.bug" value="http://bugreport.sun.com/bugreport/"/>
    <property name="SSH_AUTH_SOCK" value="/private/tmp/com.apple.launchd.J3Y37IWrNV/Listeners"/>
    <property name="MAVEN_OPTS" value=""/>
    <property name="java.awt.graphicsenv" value="sun.awt.CGraphicsEnvironment"/>
    <property name="os.arch" value="x86_64"/>
    <property name="java.ext.dirs" value="/Users/pariya/Library/Java/Extensions:/Library/Java/JavaVirtualMachines/jdk1.8.0_261.jdk/Contents/Home/jre/lib/ext:/Library/Java/Extensions:/Network/Library/Java/Extensions:/System/Library/Java/Extensions:/usr/lib/java"/>
    <property name="__CF_USER_TEXT_ENCODING" value="0x1F5:0x0:0x0"/>
    <property name="user.dir" value="/Users/pariya/Desktop/advance-systems-LiveProject"/>
    <property name="JOB_URL" value="http://localhost:8080/job/ADVSYS_CucumberReport/"/>
    <property name="line.separator" value="&#10;"/>
    <property name="MAVEN_HOME" value="/Users/pariya/.jenkins/tools/hudson.tasks.Maven_MavenInstallation/Maven"/>
    <property name="java.vm.name" value="Java HotSpot(TM) 64-Bit Server VM"/>
    <property name="BUILD_NUMBER" value="7"/>
    <property name="JENKINS_URL" value="http://localhost:8080/"/>
    <property name="file.encoding" value="UTF-8"/>
    <property name="maven3.interceptor" value="/Users/pariya/.jenkins/plugins/maven-plugin/WEB-INF/lib/maven35-interceptor-1.13.jar"/>
    <property name="WORKSPACE_TMP" value="/Users/pariya/.jenkins/workspace/ADVSYS_CucumberReport@tmp"/>
    <property name="WORKSPACE" value="/Users/pariya/.jenkins/workspace/ADVSYS_CucumberReport"/>
    <property name="maven3.interceptor.common" value="/Users/pariya/.jenkins/plugins/maven-plugin/WEB-INF/lib/maven3-interceptor-commons-1.13.jar"/>
    <property name="java.specification.version" value="1.8"/>
    <property name="USER" value="pariya"/>
  </properties>
  <testcase name="User should be able to see &quot;facebook&quot;" classname="Buttons displayed for social media options #1" time="1.92"/>
  <testcase name="Click on &quot;Facebook&quot;" classname="Buttons displayed for social media options #1" time="3.723"/>
  <testcase name="Title for each corresponding page should contain &quot;Facebook&quot;" classname="Buttons displayed for social media options #1" time="0.198">
    <failure type="java.lang.AssertionError:">java.lang.AssertionError: null
	at org.junit.Assert.fail(Assert.java:87)
	at org.junit.Assert.assertTrue(Assert.java:42)
	at org.junit.Assert.assertTrue(Assert.java:53)
	at step_definitions.HomeSteps.titleForEachCorrespondingPageShouldContain(HomeSteps.java:77)
	at ✽.Title for each corresponding page should contain "Facebook"(file:///Users/pariya/Desktop/advance-systems-LiveProject/src/test/resources/features/home.feature:18)
</failure>
    <system-out><![CDATA[  &amp#27;[32mWhen &amp#27;[0m&amp#27;[32mClick on &amp#27;[0m&amp#27;[32m&amp#27;[1m"Facebook"&amp#27;[0m                                         &amp#27;[90m# step_definitions.HomeSteps.clickOn(java.lang.String)&amp#27;[0m
]]></system-out>
  </testcase>
  <testcase name="Buttons displayed for social media options #1" classname="Buttons displayed for social media options #1" time="0.749">
    <failure type="java.lang.AssertionError:">java.lang.AssertionError: null
	at org.junit.Assert.fail(Assert.java:87)
	at org.junit.Assert.assertTrue(Assert.java:42)
	at org.junit.Assert.assertTrue(Assert.java:53)
	at step_definitions.HomeSteps.titleForEachCorrespondingPageShouldContain(HomeSteps.java:77)
	at ✽.Title for each corresponding page should contain "Facebook"(file:///Users/pariya/Desktop/advance-systems-LiveProject/src/test/resources/features/home.feature:18)
</failure>
    <system-out><![CDATA[  &amp#27;[31mThen &amp#27;[0m&amp#27;[31mTitle for each corresponding page should contain &amp#27;[0m&amp#27;[31m&amp#27;[1m"Facebook"&amp#27;[0m &amp#27;[90m# step_definitions.HomeSteps.titleForEachCorrespondingPageShouldContain(java.lang.String)&amp#27;[0m
      &amp#27;[31mjava.lang.AssertionError
	at org.junit.Assert.fail(Assert.java:87)
	at org.junit.Assert.assertTrue(Assert.java:42)
	at org.junit.Assert.assertTrue(Assert.java:53)
	at step_definitions.HomeSteps.titleForEachCorrespondingPageShouldContain(HomeSteps.java:77)
	at ✽.Title for each corresponding page should contain "Facebook"(file:///Users/pariya/Desktop/advance-systems-LiveProject/src/test/resources/features/home.feature:18)
&amp#27;[0m

    2022-07-22 16:54:39  FAIL: Buttons displayed for social media options


    Embedding screenshot [image/png 94188 bytes]

]]></system-out>
  </testcase>
  <testcase name="User should be able to see &quot;twitter&quot;" classname="Buttons displayed for social media options #2" time="1.593"/>
  <testcase name="Click on &quot;Twitter&quot;" classname="Buttons displayed for social media options #2" time="3.493"/>
  <testcase name="Title for each corresponding page should contain &quot;Twitter&quot;" classname="Buttons displayed for social media options #2" time="0.17">
    <failure type="java.lang.AssertionError:">java.lang.AssertionError: null
	at org.junit.Assert.fail(Assert.java:87)
	at org.junit.Assert.assertTrue(Assert.java:42)
	at org.junit.Assert.assertTrue(Assert.java:53)
	at step_definitions.HomeSteps.titleForEachCorrespondingPageShouldContain(HomeSteps.java:77)
	at ✽.Title for each corresponding page should contain "Twitter"(file:///Users/pariya/Desktop/advance-systems-LiveProject/src/test/resources/features/home.feature:18)
</failure>
    <system-out><![CDATA[  &amp#27;[32mWhen &amp#27;[0m&amp#27;[32mClick on &amp#27;[0m&amp#27;[32m&amp#27;[1m"Twitter"&amp#27;[0m                                         &amp#27;[90m# step_definitions.HomeSteps.clickOn(java.lang.String)&amp#27;[0m
]]></system-out>
  </testcase>
  <testcase name="Buttons displayed for social media options #2" classname="Buttons displayed for social media options #2" time="0.58">
    <failure type="java.lang.AssertionError:">java.lang.AssertionError: null
	at org.junit.Assert.fail(Assert.java:87)
	at org.junit.Assert.assertTrue(Assert.java:42)
	at org.junit.Assert.assertTrue(Assert.java:53)
	at step_definitions.HomeSteps.titleForEachCorrespondingPageShouldContain(HomeSteps.java:77)
	at ✽.Title for each corresponding page should contain "Twitter"(file:///Users/pariya/Desktop/advance-systems-LiveProject/src/test/resources/features/home.feature:18)
</failure>
    <system-out><![CDATA[  &amp#27;[31mThen &amp#27;[0m&amp#27;[31mTitle for each corresponding page should contain &amp#27;[0m&amp#27;[31m&amp#27;[1m"Twitter"&amp#27;[0m &amp#27;[90m# step_definitions.HomeSteps.titleForEachCorrespondingPageShouldContain(java.lang.String)&amp#27;[0m
      &amp#27;[31mjava.lang.AssertionError
	at org.junit.Assert.fail(Assert.java:87)
	at org.junit.Assert.assertTrue(Assert.java:42)
	at org.junit.Assert.assertTrue(Assert.java:53)
	at step_definitions.HomeSteps.titleForEachCorrespondingPageShouldContain(HomeSteps.java:77)
	at ✽.Title for each corresponding page should contain "Twitter"(file:///Users/pariya/Desktop/advance-systems-LiveProject/src/test/resources/features/home.feature:18)
&amp#27;[0m

    2022-07-22 16:54:48  FAIL: Buttons displayed for social media options


    Embedding screenshot [image/png 94188 bytes]

]]></system-out>
  </testcase>
  <testcase name="User should be able to see &quot;instagram&quot;" classname="Buttons displayed for social media options #3" time="1.559"/>
  <testcase name="Click on &quot;Instagram&quot;" classname="Buttons displayed for social media options #3" time="3.397"/>
  <testcase name="Title for each corresponding page should contain &quot;Instagram&quot;" classname="Buttons displayed for social media options #3" time="0.174">
    <failure type="java.lang.AssertionError:">java.lang.AssertionError: null
	at org.junit.Assert.fail(Assert.java:87)
	at org.junit.Assert.assertTrue(Assert.java:42)
	at org.junit.Assert.assertTrue(Assert.java:53)
	at step_definitions.HomeSteps.titleForEachCorrespondingPageShouldContain(HomeSteps.java:77)
	at ✽.Title for each corresponding page should contain "Instagram"(file:///Users/pariya/Desktop/advance-systems-LiveProject/src/test/resources/features/home.feature:18)
</failure>
    <system-out><![CDATA[  &amp#27;[32mWhen &amp#27;[0m&amp#27;[32mClick on &amp#27;[0m&amp#27;[32m&amp#27;[1m"Instagram"&amp#27;[0m                                         &amp#27;[90m# step_definitions.HomeSteps.clickOn(java.lang.String)&amp#27;[0m
]]></system-out>
  </testcase>
  <testcase name="Buttons displayed for social media options #3" classname="Buttons displayed for social media options #3" time="0.603">
    <failure type="java.lang.AssertionError:">java.lang.AssertionError: null
	at org.junit.Assert.fail(Assert.java:87)
	at org.junit.Assert.assertTrue(Assert.java:42)
	at org.junit.Assert.assertTrue(Assert.java:53)
	at step_definitions.HomeSteps.titleForEachCorrespondingPageShouldContain(HomeSteps.java:77)
	at ✽.Title for each corresponding page should contain "Instagram"(file:///Users/pariya/Desktop/advance-systems-LiveProject/src/test/resources/features/home.feature:18)
</failure>
    <system-out><![CDATA[  &amp#27;[31mThen &amp#27;[0m&amp#27;[31mTitle for each corresponding page should contain &amp#27;[0m&amp#27;[31m&amp#27;[1m"Instagram"&amp#27;[0m &amp#27;[90m# step_definitions.HomeSteps.titleForEachCorrespondingPageShouldContain(java.lang.String)&amp#27;[0m
      &amp#27;[31mjava.lang.AssertionError
	at org.junit.Assert.fail(Assert.java:87)
	at org.junit.Assert.assertTrue(Assert.java:42)
	at org.junit.Assert.assertTrue(Assert.java:53)
	at step_definitions.HomeSteps.titleForEachCorrespondingPageShouldContain(HomeSteps.java:77)
	at ✽.Title for each corresponding page should contain "Instagram"(file:///Users/pariya/Desktop/advance-systems-LiveProject/src/test/resources/features/home.feature:18)
&amp#27;[0m

    2022-07-22 16:54:57  FAIL: Buttons displayed for social media options


    Embedding screenshot [image/png 94258 bytes]

]]></system-out>
  </testcase>
  <testcase name="User should be able to see &quot;linkedin&quot;" classname="Buttons displayed for social media options #4" time="1.396"/>
  <testcase name="Click on &quot;LinkedIn&quot;" classname="Buttons displayed for social media options #4" time="4.013"/>
  <testcase name="Title for each corresponding page should contain &quot;LinkedIn&quot;" classname="Buttons displayed for social media options #4" time="0.148">
    <failure type="java.lang.AssertionError:">java.lang.AssertionError: null
	at org.junit.Assert.fail(Assert.java:87)
	at org.junit.Assert.assertTrue(Assert.java:42)
	at org.junit.Assert.assertTrue(Assert.java:53)
	at step_definitions.HomeSteps.titleForEachCorrespondingPageShouldContain(HomeSteps.java:77)
	at ✽.Title for each corresponding page should contain "LinkedIn"(file:///Users/pariya/Desktop/advance-systems-LiveProject/src/test/resources/features/home.feature:18)
</failure>
    <system-out><![CDATA[  &amp#27;[32mWhen &amp#27;[0m&amp#27;[32mClick on &amp#27;[0m&amp#27;[32m&amp#27;[1m"LinkedIn"&amp#27;[0m                                         &amp#27;[90m# step_definitions.HomeSteps.clickOn(java.lang.String)&amp#27;[0m
]]></system-out>
  </testcase>
  <testcase name="Buttons displayed for social media options #4" classname="Buttons displayed for social media options #4" time="0.657">
    <failure type="java.lang.AssertionError:">java.lang.AssertionError: null
	at org.junit.Assert.fail(Assert.java:87)
	at org.junit.Assert.assertTrue(Assert.java:42)
	at org.junit.Assert.assertTrue(Assert.java:53)
	at step_definitions.HomeSteps.titleForEachCorrespondingPageShouldContain(HomeSteps.java:77)
	at ✽.Title for each corresponding page should contain "LinkedIn"(file:///Users/pariya/Desktop/advance-systems-LiveProject/src/test/resources/features/home.feature:18)
</failure>
    <system-out><![CDATA[  &amp#27;[31mThen &amp#27;[0m&amp#27;[31mTitle for each corresponding page should contain &amp#27;[0m&amp#27;[31m&amp#27;[1m"LinkedIn"&amp#27;[0m &amp#27;[90m# step_definitions.HomeSteps.titleForEachCorrespondingPageShouldContain(java.lang.String)&amp#27;[0m
      &amp#27;[31mjava.lang.AssertionError
	at org.junit.Assert.fail(Assert.java:87)
	at org.junit.Assert.assertTrue(Assert.java:42)
	at org.junit.Assert.assertTrue(Assert.java:53)
	at step_definitions.HomeSteps.titleForEachCorrespondingPageShouldContain(HomeSteps.java:77)
	at ✽.Title for each corresponding page should contain "LinkedIn"(file:///Users/pariya/Desktop/advance-systems-LiveProject/src/test/resources/features/home.feature:18)
&amp#27;[0m

    2022-07-22 16:55:07  FAIL: Buttons displayed for social media options


    Embedding screenshot [image/png 94293 bytes]

]]></system-out>
  </testcase>
</testsuite>